android/app/build/intermediates/manifest_merge_blame_file/release/manifest-merger-blame-release-report.txt
1<?xml version="1.0" encoding="utf-8"?>
2<manifest xmlns:android="http://schemas.android.com/apk/res/android"
3    package="com.aiidc"
4    android:versionCode="14"
5    android:versionName="1.1.4" >
6
7    <uses-sdk
8        android:minSdkVersion="21"
9        android:targetSdkVersion="34" />
10
11    <uses-permission android:name="android.permission.INTERNET" />
11-->src/main/AndroidManifest.xml:3:5-67
11-->src/main/AndroidManifest.xml:3:22-64
12    <uses-permission android:name="android.permission.CAMERA" />
12-->src/main/AndroidManifest.xml:4:5-64
12-->src/main/AndroidManifest.xml:4:22-62
13    <uses-permission android:name="android.permission.ACCESS_FINE_LOCATION" />
13-->src/main/AndroidManifest.xml:5:5-78
13-->src/main/AndroidManifest.xml:5:22-76
14    <uses-permission android:name="android.permission.ACCESS_MEDIA_LOCATION" />
14-->src/main/AndroidManifest.xml:6:5-80
14-->src/main/AndroidManifest.xml:6:22-77
15    <uses-permission android:name="android.permission.WRITE_EXTERNAL_STORAGE" />
15-->src/main/AndroidManifest.xml:8:5-80
15-->src/main/AndroidManifest.xml:8:22-78
16    <uses-permission android:name="android.permission.READ_EXTERNAL_STORAGE" />
16-->src/main/AndroidManifest.xml:10:5-79
16-->src/main/AndroidManifest.xml:10:22-77
17
18    <queries>
18-->[:react-native-image-crop-picker] AndroidManifest.xml:7:5-11:15
19        <intent>
19-->[:react-native-image-crop-picker] AndroidManifest.xml:8:9-10:18
20            <action android:name="android.media.action.IMAGE_CAPTURE" />
20-->[:react-native-image-crop-picker] AndroidManifest.xml:9:13-73
20-->[:react-native-image-crop-picker] AndroidManifest.xml:9:21-70
21        </intent>
22    </queries> <!-- Required to access Google Play Licensing -->
23    <uses-permission android:name="com.android.vending.CHECK_LICENSE" />
23-->[:rn-fetch-blob] AndroidManifest.xml:8:5-73
23-->[:rn-fetch-blob] AndroidManifest.xml:8:22-70
24    <!--
25         Required to keep CPU alive while downloading files
26        (NOT to keep screen awake)
27    -->
28    <uses-permission android:name="android.permission.WAKE_LOCK" />
28-->[:rn-fetch-blob] AndroidManifest.xml:17:5-68
28-->[:rn-fetch-blob] AndroidManifest.xml:17:22-65
29    <!--
30         Required to poll the state of the network connection
31        and respond to changes
32    -->
33    <uses-permission android:name="android.permission.ACCESS_NETWORK_STATE" /> <!-- Required to check whether Wi-Fi is enabled -->
33-->[:rn-fetch-blob] AndroidManifest.xml:23:5-79
33-->[:rn-fetch-blob] AndroidManifest.xml:23:22-76
34    <uses-permission android:name="android.permission.ACCESS_WIFI_STATE" /> <!-- Required by older versions of Google Play services to create IID tokens -->
34-->[:rn-fetch-blob] AndroidManifest.xml:26:5-76
34-->[:rn-fetch-blob] AndroidManifest.xml:26:22-73
35    <uses-permission android:name="com.google.android.c2dm.permission.RECEIVE" />
35-->[com.google.android.gms:play-services-iid:17.0.0] AndroidManifest.xml:23:5-82
35-->[com.google.android.gms:play-services-iid:17.0.0] AndroidManifest.xml:23:22-79
36
37    <permission
37-->[androidx.core:core:1.9.0] AndroidManifest.xml:22:5-24:47
38        android:name="com.aiidc.DYNAMIC_RECEIVER_NOT_EXPORTED_PERMISSION"
38-->[androidx.core:core:1.9.0] AndroidManifest.xml:23:9-81
39        android:protectionLevel="signature" />
39-->[androidx.core:core:1.9.0] AndroidManifest.xml:24:9-44
40
41    <uses-permission android:name="com.aiidc.DYNAMIC_RECEIVER_NOT_EXPORTED_PERMISSION" />
41-->[androidx.core:core:1.9.0] AndroidManifest.xml:26:5-97
41-->[androidx.core:core:1.9.0] AndroidManifest.xml:26:22-94
42    <uses-permission android:name="com.google.android.finsky.permission.BIND_GET_INSTALL_REFERRER_SERVICE" />
42-->[com.android.installreferrer:installreferrer:1.1.2] AndroidManifest.xml:9:5-110
42-->[com.android.installreferrer:installreferrer:1.1.2] AndroidManifest.xml:9:22-107
43
44    <application
44-->src/main/AndroidManifest.xml:14:5-34:19
45        android:name="com.aiidc.MainApplication"
45-->src/main/AndroidManifest.xml:16:7-38
46        android:allowBackup="false"
46-->src/main/AndroidManifest.xml:20:7-34
47        android:appComponentFactory="androidx.core.app.CoreComponentFactory"
47-->[androidx.core:core:1.9.0] AndroidManifest.xml:28:18-86
48        android:extractNativeLibs="true"
49        android:icon="@mipmap/ic_launcher"
49-->src/main/AndroidManifest.xml:18:7-41
50        android:label="@string/app_name"
50-->src/main/AndroidManifest.xml:17:7-39
51        android:requestLegacyExternalStorage="true"
51-->src/main/AndroidManifest.xml:15:5-48
52        android:roundIcon="@mipmap/ic_launcher_round"
52-->src/main/AndroidManifest.xml:19:7-52
53        android:theme="@style/AppTheme" >
53-->src/main/AndroidManifest.xml:21:7-38
54        <activity
54-->src/main/AndroidManifest.xml:22:7-33:18
55            android:name="com.aiidc.MainActivity"
55-->src/main/AndroidManifest.xml:23:9-37
56            android:configChanges="keyboard|keyboardHidden|orientation|screenLayout|screenSize|smallestScreenSize|uiMode"
56-->src/main/AndroidManifest.xml:25:9-118
57            android:exported="true"
57-->src/main/AndroidManifest.xml:28:9-32
58            android:label="@string/app_name"
58-->src/main/AndroidManifest.xml:24:9-41
59            android:launchMode="singleTask"
59-->src/main/AndroidManifest.xml:26:9-40
60            android:windowSoftInputMode="adjustResize" >
60-->src/main/AndroidManifest.xml:27:9-51
61            <intent-filter>
61-->src/main/AndroidManifest.xml:29:9-32:25
62                <action android:name="android.intent.action.MAIN" />
62-->src/main/AndroidManifest.xml:30:13-65
62-->src/main/AndroidManifest.xml:30:21-62
63
64                <category android:name="android.intent.category.LAUNCHER" />
64-->src/main/AndroidManifest.xml:31:13-73
64-->src/main/AndroidManifest.xml:31:23-70
65            </intent-filter>
66        </activity>
67
68        <provider
68-->[:react-native-image-crop-picker] AndroidManifest.xml:16:9-24:20
69            android:name="com.reactnative.ivpusic.imagepicker.IvpusicImagePickerFileProvider"
69-->[:react-native-image-crop-picker] AndroidManifest.xml:17:13-94
70            android:authorities="com.aiidc.provider"
70-->[:react-native-image-crop-picker] AndroidManifest.xml:18:13-60
71            android:exported="false"
71-->[:react-native-image-crop-picker] AndroidManifest.xml:19:13-37
72            android:grantUriPermissions="true" >
72-->[:react-native-image-crop-picker] AndroidManifest.xml:20:13-47
73            <meta-data
73-->[:react-native-image-crop-picker] AndroidManifest.xml:21:13-23:78
74                android:name="android.support.FILE_PROVIDER_PATHS"
74-->[:react-native-image-crop-picker] AndroidManifest.xml:22:17-67
75                android:resource="@xml/ivpusic_imagepicker_provider_paths" />
75-->[:react-native-image-crop-picker] AndroidManifest.xml:23:17-75
76        </provider>
77
78        <activity
78-->[:react-native-image-crop-picker] AndroidManifest.xml:26:9-28:72
79            android:name="com.yalantis.ucrop.UCropActivity"
79-->[:react-native-image-crop-picker] AndroidManifest.xml:27:13-60
80            android:theme="@style/Theme.AppCompat.Light.NoActionBar" />
80-->[:react-native-image-crop-picker] AndroidManifest.xml:28:13-69
81
82        <provider
82-->[:react-native-image-picker] AndroidManifest.xml:8:9-16:20
83            android:name="com.imagepicker.ImagePickerProvider"
83-->[:react-native-image-picker] AndroidManifest.xml:9:13-63
84            android:authorities="com.aiidc.imagepickerprovider"
84-->[:react-native-image-picker] AndroidManifest.xml:10:13-71
85            android:exported="false"
85-->[:react-native-image-picker] AndroidManifest.xml:11:13-37
86            android:grantUriPermissions="true" >
86-->[:react-native-image-picker] AndroidManifest.xml:12:13-47
87            <meta-data
87-->[:react-native-image-crop-picker] AndroidManifest.xml:21:13-23:78
88                android:name="android.support.FILE_PROVIDER_PATHS"
88-->[:react-native-image-crop-picker] AndroidManifest.xml:22:17-67
89                android:resource="@xml/imagepicker_provider_paths" />
89-->[:react-native-image-crop-picker] AndroidManifest.xml:23:17-75
90        </provider>
91        <provider
91-->[:rn-fetch-blob] AndroidManifest.xml:32:9-40:20
92            android:name="com.RNFetchBlob.Utils.FileProvider"
92-->[:rn-fetch-blob] AndroidManifest.xml:33:13-62
93            android:authorities="com.aiidc.provider"
93-->[:rn-fetch-blob] AndroidManifest.xml:34:13-60
94            android:exported="false"
94-->[:rn-fetch-blob] AndroidManifest.xml:35:13-37
95            android:grantUriPermissions="true" >
95-->[:rn-fetch-blob] AndroidManifest.xml:36:13-47
96            <meta-data
96-->[:react-native-image-crop-picker] AndroidManifest.xml:21:13-23:78
97                android:name="android.support.FILE_PROVIDER_PATHS"
97-->[:react-native-image-crop-picker] AndroidManifest.xml:22:17-67
98                android:resource="@xml/provider_paths" />
98-->[:react-native-image-crop-picker] AndroidManifest.xml:23:17-75
99        </provider>
100
101        <meta-data
101-->[com.github.bumptech.glide:okhttp3-integration:4.12.0] AndroidManifest.xml:11:9-13:43
102            android:name="com.bumptech.glide.integration.okhttp3.OkHttpGlideModule"
102-->[com.github.bumptech.glide:okhttp3-integration:4.12.0] AndroidManifest.xml:12:13-84
103            android:value="GlideModule" />
103-->[com.github.bumptech.glide:okhttp3-integration:4.12.0] AndroidManifest.xml:13:13-40
104
105        <activity
105-->[com.google.android.gms:play-services-base:17.5.0] AndroidManifest.xml:23:9-26:75
106            android:name="com.google.android.gms.common.api.GoogleApiActivity"
106-->[com.google.android.gms:play-services-base:17.5.0] AndroidManifest.xml:24:13-79
107            android:exported="false"
107-->[com.google.android.gms:play-services-base:17.5.0] AndroidManifest.xml:25:13-37
108            android:theme="@android:style/Theme.Translucent.NoTitleBar" />
108-->[com.google.android.gms:play-services-base:17.5.0] AndroidManifest.xml:26:13-72
109
110        <meta-data
110-->[com.google.android.gms:play-services-basement:17.5.0] AndroidManifest.xml:23:9-25:69
111            android:name="com.google.android.gms.version"
111-->[com.google.android.gms:play-services-basement:17.5.0] AndroidManifest.xml:24:13-58
112            android:value="@integer/google_play_services_version" />
112-->[com.google.android.gms:play-services-basement:17.5.0] AndroidManifest.xml:25:13-66
113
114        <provider
114-->[androidx.emoji2:emoji2:1.2.0] AndroidManifest.xml:24:9-32:20
115            android:name="androidx.startup.InitializationProvider"
115-->[androidx.emoji2:emoji2:1.2.0] AndroidManifest.xml:25:13-67
116            android:authorities="com.aiidc.androidx-startup"
116-->[androidx.emoji2:emoji2:1.2.0] AndroidManifest.xml:26:13-68
117            android:exported="false" >
117-->[androidx.emoji2:emoji2:1.2.0] AndroidManifest.xml:27:13-37
118            <meta-data
118-->[androidx.emoji2:emoji2:1.2.0] AndroidManifest.xml:29:13-31:52
119                android:name="androidx.emoji2.text.EmojiCompatInitializer"
119-->[androidx.emoji2:emoji2:1.2.0] AndroidManifest.xml:30:17-75
120                android:value="androidx.startup" />
120-->[androidx.emoji2:emoji2:1.2.0] AndroidManifest.xml:31:17-49
121            <meta-data
121-->[androidx.lifecycle:lifecycle-process:2.4.1] AndroidManifest.xml:31:13-33:52
122                android:name="androidx.lifecycle.ProcessLifecycleInitializer"
122-->[androidx.lifecycle:lifecycle-process:2.4.1] AndroidManifest.xml:32:17-78
123                android:value="androidx.startup" />
123-->[androidx.lifecycle:lifecycle-process:2.4.1] AndroidManifest.xml:33:17-49
124        </provider>
125
126        <meta-data
126-->[com.facebook.soloader:soloader:0.10.5] AndroidManifest.xml:12:9-14:37
127            android:name="com.facebook.soloader.enabled"
127-->[com.facebook.soloader:soloader:0.10.5] AndroidManifest.xml:13:13-57
128            android:value="false" />
128-->[com.facebook.soloader:soloader:0.10.5] AndroidManifest.xml:14:13-34
129    </application>
130
131</manifest>